d:\gameloftlabz\proiect_2015_1\newtrainingframework_2015\newtrainingframework\release-nvidia\newtrainingframework.pch
d:\gameloftlabz\proiect_2015_1\newtrainingframework_2015\newtrainingframework\release-nvidia\vc141.pdb
d:\gameloftlabz\proiect_2015_1\newtrainingframework_2015\newtrainingframework\release-nvidia\stdafx.obj
d:\gameloftlabz\proiect_2015_1\newtrainingframework_2015\newtrainingframework\release-nvidia\texture.obj
d:\gameloftlabz\proiect_2015_1\newtrainingframework_2015\newtrainingframework\release-nvidia\shaders.obj
d:\gameloftlabz\proiect_2015_1\newtrainingframework_2015\newtrainingframework\release-nvidia\shader.obj
d:\gameloftlabz\proiect_2015_1\newtrainingframework_2015\newtrainingframework\release-nvidia\resourcemanager.obj
d:\gameloftlabz\proiect_2015_1\newtrainingframework_2015\newtrainingframework\release-nvidia\newtrainingframework.obj
d:\gameloftlabz\proiect_2015_1\newtrainingframework_2015\newtrainingframework\release-nvidia\modelparser.obj
d:\gameloftlabz\proiect_2015_1\newtrainingframework_2015\newtrainingframework\release-nvidia\model.obj
d:\gameloftlabz\proiect_2015_1\newtrainingframework_2015\newtrainingframework\release-nvidia\globals.obj
d:\gameloftlabz\proiect_2015_1\newtrainingframework_2015\newtrainingframework\release-nvidia\camera.obj
d:\gameloftlabz\proiect_2015_1\newtrainingframework_2015\newtrainingframework\release-nvidia\utils.obj
d:\gameloftlabz\proiect_2015_1\newtrainingframework_2015\bin-nvidia\newtrainingframework.exe
d:\gameloftlabz\proiect_2015_1\newtrainingframework_2015\bin-nvidia\newtrainingframework.pdb
d:\gameloftlabz\proiect_2015_1\newtrainingframework_2015\bin-nvidia\newtrainingframework.ipdb
d:\gameloftlabz\proiect_2015_1\newtrainingframework_2015\bin-nvidia\newtrainingframework.iobj
d:\gameloftlabz\proiect_2015_1\newtrainingframework_2015\newtrainingframework\release-nvidia\vc140.pdb
d:\gameloftlabz\proiect_2015_1\newtrainingframework_2015\\bin-nvidia\newtrainingframework.pdb
d:\gameloftlabz\proiect_2015_1\newtrainingframework_2015\\bin-nvidia\newtrainingframework.exe
d:\gameloftlabz\proiect_2015_1\newtrainingframework_2015\newtrainingframework\release-nvidia\newtrain.fc024ec8.tlog\cl.command.1.tlog
d:\gameloftlabz\proiect_2015_1\newtrainingframework_2015\newtrainingframework\release-nvidia\newtrain.fc024ec8.tlog\cl.read.1.tlog
d:\gameloftlabz\proiect_2015_1\newtrainingframework_2015\newtrainingframework\release-nvidia\newtrain.fc024ec8.tlog\cl.write.1.tlog
d:\gameloftlabz\proiect_2015_1\newtrainingframework_2015\newtrainingframework\release-nvidia\newtrain.fc024ec8.tlog\link.command.1.tlog
d:\gameloftlabz\proiect_2015_1\newtrainingframework_2015\newtrainingframework\release-nvidia\newtrain.fc024ec8.tlog\link.read.1.tlog
d:\gameloftlabz\proiect_2015_1\newtrainingframework_2015\newtrainingframework\release-nvidia\newtrain.fc024ec8.tlog\link.write.1.tlog
d:\gameloftlabz\proiect_2015_1\newtrainingframework_2015\newtrainingframework\release-nvidia\newtrain.fc024ec8.tlog\newtrainingframework.write.1u.tlog
