d:\gameloftlabz\proiect_2015_1\newtrainingframework_2015\utilities\debug-nvidia\utilities.pch
d:\gameloftlabz\proiect_2015_1\newtrainingframework_2015\utilities\debug-nvidia\utilities.pdb
d:\gameloftlabz\proiect_2015_1\newtrainingframework_2015\utilities\debug-nvidia\utilities.idb
d:\gameloftlabz\proiect_2015_1\newtrainingframework_2015\utilities\debug-nvidia\stdafx.obj
d:\gameloftlabz\proiect_2015_1\newtrainingframework_2015\utilities\debug-nvidia\esshader.obj
d:\gameloftlabz\proiect_2015_1\newtrainingframework_2015\utilities\debug-nvidia\esutil.obj
d:\gameloftlabz\proiect_2015_1\newtrainingframework_2015\utilities\debug-nvidia\esutil_win.obj
d:\gameloftlabz\proiect_2015_1\newtrainingframework_2015\utilities\debug-nvidia\math.obj
d:\gameloftlabz\proiect_2015_1\newtrainingframework_2015\utilities\debug-nvidia\tga.obj
d:\gameloftlabz\proiect_2015_1\newtrainingframework_2015\bin-nvidia\utilities.lib
f:\dev\a\gameloftworkshop\utilities\debug-nvidia\esshader.obj
f:\dev\a\gameloftworkshop\utilities\debug-nvidia\esutil.obj
f:\dev\a\gameloftworkshop\utilities\debug-nvidia\esutil_win.obj
f:\dev\a\gameloftworkshop\utilities\debug-nvidia\math.obj
f:\dev\a\gameloftworkshop\utilities\debug-nvidia\stdafx.obj
f:\dev\a\gameloftworkshop\utilities\debug-nvidia\tga.obj
f:\dev\a\gameloftworkshop\utilities\debug-nvidia\utilities.pch
f:\dev\a\gameloftworkshop\utilities\debug-nvidia\utilities.idb
f:\dev\a\gameloftworkshop\utilities\debug-nvidia\utilities.pdb
f:\dev\a\gameloftworkshop\\bin-nvidia\utilities.lib
f:\dev\a\gameloftworkshop\utilities\debug-nvidia\utilities.tlog\cl.command.1.tlog
f:\dev\a\gameloftworkshop\utilities\debug-nvidia\utilities.tlog\cl.read.1.tlog
f:\dev\a\gameloftworkshop\utilities\debug-nvidia\utilities.tlog\cl.write.1.tlog
f:\dev\a\gameloftworkshop\utilities\debug-nvidia\utilities.tlog\lib-link.read.1.tlog
f:\dev\a\gameloftworkshop\utilities\debug-nvidia\utilities.tlog\lib-link.write.1.tlog
f:\dev\a\gameloftworkshop\utilities\debug-nvidia\utilities.tlog\lib.command.1.tlog
