d:\gameloftlabz\proiect_2015_1\newtrainingframework_2015\newtrainingframework\debug-nvidia\newtrainingframework.pch
d:\gameloftlabz\proiect_2015_1\newtrainingframework_2015\newtrainingframework\debug-nvidia\vc141.pdb
d:\gameloftlabz\proiect_2015_1\newtrainingframework_2015\newtrainingframework\debug-nvidia\vc141.idb
d:\gameloftlabz\proiect_2015_1\newtrainingframework_2015\newtrainingframework\debug-nvidia\stdafx.obj
d:\gameloftlabz\proiect_2015_1\newtrainingframework_2015\newtrainingframework\debug-nvidia\model.obj
d:\gameloftlabz\proiect_2015_1\newtrainingframework_2015\newtrainingframework\debug-nvidia\modelparser.obj
d:\gameloftlabz\proiect_2015_1\newtrainingframework_2015\newtrainingframework\debug-nvidia\newtrainingframework.obj
d:\gameloftlabz\proiect_2015_1\newtrainingframework_2015\newtrainingframework\debug-nvidia\player.obj
d:\gameloftlabz\proiect_2015_1\newtrainingframework_2015\newtrainingframework\debug-nvidia\postprocess.obj
d:\gameloftlabz\proiect_2015_1\newtrainingframework_2015\newtrainingframework\debug-nvidia\projectile.obj
d:\gameloftlabz\proiect_2015_1\newtrainingframework_2015\newtrainingframework\debug-nvidia\random.obj
d:\gameloftlabz\proiect_2015_1\newtrainingframework_2015\newtrainingframework\debug-nvidia\reflection.obj
d:\gameloftlabz\proiect_2015_1\newtrainingframework_2015\newtrainingframework\debug-nvidia\resourcemanager.obj
d:\gameloftlabz\proiect_2015_1\newtrainingframework_2015\newtrainingframework\debug-nvidia\scenemanager.obj
d:\gameloftlabz\proiect_2015_1\newtrainingframework_2015\newtrainingframework\debug-nvidia\sceneobject.obj
d:\gameloftlabz\proiect_2015_1\newtrainingframework_2015\newtrainingframework\debug-nvidia\shader.obj
d:\gameloftlabz\proiect_2015_1\newtrainingframework_2015\newtrainingframework\debug-nvidia\shaders.obj
d:\gameloftlabz\proiect_2015_1\newtrainingframework_2015\newtrainingframework\debug-nvidia\sound.obj
d:\gameloftlabz\proiect_2015_1\newtrainingframework_2015\newtrainingframework\debug-nvidia\terrainobject.obj
d:\gameloftlabz\proiect_2015_1\newtrainingframework_2015\newtrainingframework\debug-nvidia\texture.obj
d:\gameloftlabz\proiect_2015_1\newtrainingframework_2015\newtrainingframework\debug-nvidia\trajectory.obj
d:\gameloftlabz\proiect_2015_1\newtrainingframework_2015\newtrainingframework\debug-nvidia\utils.obj
d:\gameloftlabz\proiect_2015_1\newtrainingframework_2015\newtrainingframework\debug-nvidia\wave.obj
d:\gameloftlabz\proiect_2015_1\newtrainingframework_2015\newtrainingframework\debug-nvidia\xmlutils.obj
d:\gameloftlabz\proiect_2015_1\newtrainingframework_2015\newtrainingframework\debug-nvidia\bulletgamemode.obj
d:\gameloftlabz\proiect_2015_1\newtrainingframework_2015\newtrainingframework\debug-nvidia\camera.obj
d:\gameloftlabz\proiect_2015_1\newtrainingframework_2015\newtrainingframework\debug-nvidia\debuggamemode.obj
d:\gameloftlabz\proiect_2015_1\newtrainingframework_2015\newtrainingframework\debug-nvidia\enemy.obj
d:\gameloftlabz\proiect_2015_1\newtrainingframework_2015\newtrainingframework\debug-nvidia\fireobject.obj
d:\gameloftlabz\proiect_2015_1\newtrainingframework_2015\newtrainingframework\debug-nvidia\framebuffer.obj
d:\gameloftlabz\proiect_2015_1\newtrainingframework_2015\newtrainingframework\debug-nvidia\gamemode.obj
d:\gameloftlabz\proiect_2015_1\newtrainingframework_2015\newtrainingframework\debug-nvidia\globals.obj
d:\gameloftlabz\proiect_2015_1\newtrainingframework_2015\newtrainingframework\debug-nvidia\imageutils.obj
d:\gameloftlabz\proiect_2015_1\newtrainingframework_2015\newtrainingframework\debug-nvidia\input.obj
d:\gameloftlabz\proiect_2015_1\newtrainingframework_2015\newtrainingframework\debug-nvidia\meshfactory.obj
d:\gameloftlabz\proiect_2015_1\newtrainingframework_2015\bin-nvidia\newtrainingframework.exe
d:\gameloftlabz\proiect_2015_1\newtrainingframework_2015\bin-nvidia\newtrainingframework.ilk
d:\gameloftlabz\proiect_2015_1\newtrainingframework_2015\bin-nvidia\newtrainingframework.pdb
d:\gameloftlabz\proiect_2015_1\newtrainingframework_2015\bin-nvidia\newtrainingframework.ipdb
d:\gameloftlabz\proiect_2015_1\newtrainingframework_2015\bin-nvidia\newtrainingframework.iobj
d:\gameloftlabz\proiect_2015_1\newtrainingframework_2015\\bin-nvidia\newtrainingframework.pdb
d:\gameloftlabz\proiect_2015_1\newtrainingframework_2015\\bin-nvidia\newtrainingframework.exe
d:\gameloftlabz\proiect_2015_1\newtrainingframework_2015\\bin-nvidia\newtrainingframework.ilk
d:\gameloftlabz\proiect_2015_1\newtrainingframework_2015\newtrainingframework\debug-nvidia\newtrain.fc024ec8.tlog\cl.command.1.tlog
d:\gameloftlabz\proiect_2015_1\newtrainingframework_2015\newtrainingframework\debug-nvidia\newtrain.fc024ec8.tlog\cl.read.1.tlog
d:\gameloftlabz\proiect_2015_1\newtrainingframework_2015\newtrainingframework\debug-nvidia\newtrain.fc024ec8.tlog\cl.write.1.tlog
d:\gameloftlabz\proiect_2015_1\newtrainingframework_2015\newtrainingframework\debug-nvidia\newtrain.fc024ec8.tlog\link.command.1.tlog
d:\gameloftlabz\proiect_2015_1\newtrainingframework_2015\newtrainingframework\debug-nvidia\newtrain.fc024ec8.tlog\link.read.1.tlog
d:\gameloftlabz\proiect_2015_1\newtrainingframework_2015\newtrainingframework\debug-nvidia\newtrain.fc024ec8.tlog\link.write.1.tlog
d:\gameloftlabz\proiect_2015_1\newtrainingframework_2015\newtrainingframework\debug-nvidia\newtrain.fc024ec8.tlog\newtrainingframework.write.1u.tlog
